<?xml version="1.0" encoding="UTF-8"?>
<coverage generated="1530647871051" clover="3.2.0">
  <project timestamp="1530647871052" name="All files">
    <metrics statements="199" coveredstatements="158" conditionals="46" coveredconditionals="20" methods="76" coveredmethods="55" elements="321" coveredelements="233" complexity="0" loc="199" ncloc="199" packages="7" files="24" classes="24">
      <package name="src">
        <metrics statements="5" coveredstatements="1" conditionals="4" coveredconditionals="0" methods="1" coveredmethods="0"/>
        <file name="index.js" path="/home/niouse/Documents/git/my-cv-react/src/index.js">
          <metrics statements="4" coveredstatements="0" conditionals="4" coveredconditionals="0" methods="1" coveredmethods="0"/>
          <line num="1" count="0" type="stmt"/>
          <line num="2" count="0" type="stmt"/>
          <line num="3" count="0" type="cond" truecount="0" falsecount="4"/>
          <line num="5" count="0" type="stmt"/>
        </file>
        <file name="setupTests.js" path="/home/niouse/Documents/git/my-cv-react/src/setupTests.js">
          <metrics statements="1" coveredstatements="1" conditionals="0" coveredconditionals="0" methods="0" coveredmethods="0"/>
          <line num="4" count="1" type="stmt"/>
        </file>
      </package>
      <package name="src.my-cv">
        <metrics statements="13" coveredstatements="10" conditionals="0" coveredconditionals="0" methods="6" coveredmethods="3"/>
        <file name="my-cv.component.js" path="/home/niouse/Documents/git/my-cv-react/src/my-cv/my-cv.component.js">
          <metrics statements="13" coveredstatements="10" conditionals="0" coveredconditionals="0" methods="6" coveredmethods="3"/>
          <line num="22" count="1" type="stmt"/>
          <line num="28" count="1" type="stmt"/>
          <line num="33" count="1" type="stmt"/>
          <line num="42" count="1" type="stmt"/>
          <line num="43" count="1" type="stmt"/>
          <line num="52" count="0" type="stmt"/>
          <line num="59" count="0" type="stmt"/>
          <line num="65" count="0" type="stmt"/>
          <line num="69" count="1" type="stmt"/>
          <line num="70" count="1" type="stmt"/>
          <line num="119" count="1" type="stmt"/>
          <line num="128" count="1" type="stmt"/>
          <line num="129" count="1" type="stmt"/>
        </file>
      </package>
      <package name="src.my-cv.api">
        <metrics statements="47" coveredstatements="43" conditionals="20" coveredconditionals="12" methods="24" coveredmethods="21"/>
        <file name="compute-options.js" path="/home/niouse/Documents/git/my-cv-react/src/my-cv/api/compute-options.js">
          <metrics statements="12" coveredstatements="11" conditionals="14" coveredconditionals="7" methods="1" coveredmethods="1"/>
          <line num="1" count="1" type="stmt"/>
          <line num="2" count="1" type="stmt"/>
          <line num="3" count="1" type="stmt"/>
          <line num="4" count="1" type="stmt"/>
          <line num="5" count="1" type="stmt"/>
          <line num="6" count="1" type="cond" truecount="1" falsecount="2"/>
          <line num="7" count="1" type="cond" truecount="1" falsecount="2"/>
          <line num="8" count="1" type="stmt"/>
          <line num="10" count="1" type="cond" truecount="3" falsecount="1"/>
          <line num="11" count="0" type="stmt"/>
          <line num="14" count="1" type="stmt"/>
          <line num="20" count="1" type="stmt"/>
        </file>
        <file name="format-skills.js" path="/home/niouse/Documents/git/my-cv-react/src/my-cv/api/format-skills.js">
          <metrics statements="11" coveredstatements="11" conditionals="2" coveredconditionals="2" methods="5" coveredmethods="5"/>
          <line num="1" count="1" type="stmt"/>
          <line num="2" count="1" type="stmt"/>
          <line num="3" count="1" type="stmt"/>
          <line num="4" count="16" type="cond" truecount="2" falsecount="0"/>
          <line num="6" count="1" type="stmt"/>
          <line num="7" count="5" type="stmt"/>
          <line num="8" count="5" type="stmt"/>
          <line num="9" count="80" type="stmt"/>
          <line num="10" count="16" type="stmt"/>
          <line num="11" count="5" type="stmt"/>
          <line num="16" count="1" type="stmt"/>
        </file>
        <file name="scroll-to.js" path="/home/niouse/Documents/git/my-cv-react/src/my-cv/api/scroll-to.js">
          <metrics statements="2" coveredstatements="1" conditionals="0" coveredconditionals="0" methods="1" coveredmethods="0"/>
          <line num="1" count="1" type="stmt"/>
          <line num="2" count="0" type="stmt"/>
        </file>
        <file name="theme-utils.js" path="/home/niouse/Documents/git/my-cv-react/src/my-cv/api/theme-utils.js">
          <metrics statements="5" coveredstatements="5" conditionals="4" coveredconditionals="3" methods="6" coveredmethods="6"/>
          <line num="2" count="13" type="stmt"/>
          <line num="3" count="21" type="cond" truecount="1" falsecount="1"/>
          <line num="9" count="1" type="stmt"/>
          <line num="10" count="3" type="cond" truecount="2" falsecount="0"/>
          <line num="15" count="61" type="stmt"/>
        </file>
        <file name="theme.js" path="/home/niouse/Documents/git/my-cv-react/src/my-cv/api/theme.js">
          <metrics statements="1" coveredstatements="1" conditionals="0" coveredconditionals="0" methods="0" coveredmethods="0"/>
          <line num="2" count="1" type="stmt"/>
        </file>
        <file name="with-data.js" path="/home/niouse/Documents/git/my-cv-react/src/my-cv/api/with-data.js">
          <metrics statements="9" coveredstatements="8" conditionals="0" coveredconditionals="0" methods="5" coveredmethods="4"/>
          <line num="11" count="1" type="stmt"/>
          <line num="15" count="1" type="stmt"/>
          <line num="20" count="1" type="stmt"/>
          <line num="25" count="1" type="stmt"/>
          <line num="28" count="1" type="stmt"/>
          <line num="29" count="1" type="stmt"/>
          <line num="37" count="0" type="stmt"/>
          <line num="45" count="1" type="stmt"/>
          <line num="53" count="1" type="stmt"/>
        </file>
        <file name="with-theme.js" path="/home/niouse/Documents/git/my-cv-react/src/my-cv/api/with-theme.js">
          <metrics statements="7" coveredstatements="6" conditionals="0" coveredconditionals="0" methods="6" coveredmethods="5"/>
          <line num="7" count="1" type="stmt"/>
          <line num="10" count="1" type="stmt"/>
          <line num="11" count="1" type="stmt"/>
          <line num="17" count="1" type="stmt"/>
          <line num="21" count="0" type="stmt"/>
          <line num="27" count="1" type="stmt"/>
          <line num="36" count="1" type="stmt"/>
        </file>
      </package>
      <package name="src.my-cv.components">
        <metrics statements="65" coveredstatements="49" conditionals="6" coveredconditionals="2" methods="22" coveredmethods="14"/>
        <file name="contact-form.component.js" path="/home/niouse/Documents/git/my-cv-react/src/my-cv/components/contact-form.component.js">
          <metrics statements="17" coveredstatements="10" conditionals="4" coveredconditionals="0" methods="7" coveredmethods="2"/>
          <line num="8" count="1" type="stmt"/>
          <line num="14" count="1" type="stmt"/>
          <line num="25" count="1" type="stmt"/>
          <line num="27" count="1" type="stmt"/>
          <line num="43" count="1" type="stmt"/>
          <line num="44" count="1" type="stmt"/>
          <line num="53" count="0" type="stmt"/>
          <line num="57" count="0" type="cond" truecount="0" falsecount="4"/>
          <line num="58" count="0" type="stmt"/>
          <line num="60" count="0" type="stmt"/>
          <line num="64" count="1" type="stmt"/>
          <line num="65" count="1" type="stmt"/>
          <line num="71" count="0" type="stmt"/>
          <line num="76" count="0" type="stmt"/>
          <line num="81" count="0" type="stmt"/>
          <line num="91" count="1" type="stmt"/>
          <line num="101" count="1" type="stmt"/>
        </file>
        <file name="line-title.component.js" path="/home/niouse/Documents/git/my-cv-react/src/my-cv/components/line-title.component.js">
          <metrics statements="6" coveredstatements="6" conditionals="0" coveredconditionals="0" methods="1" coveredmethods="1"/>
          <line num="7" count="1" type="stmt"/>
          <line num="15" count="1" type="stmt"/>
          <line num="22" count="1" type="stmt"/>
          <line num="32" count="1" type="stmt"/>
          <line num="33" count="4" type="stmt"/>
          <line num="44" count="1" type="stmt"/>
        </file>
        <file name="navigation.component.js" path="/home/niouse/Documents/git/my-cv-react/src/my-cv/components/navigation.component.js">
          <metrics statements="25" coveredstatements="16" conditionals="0" coveredconditionals="0" methods="9" coveredmethods="6"/>
          <line num="13" count="1" type="stmt"/>
          <line num="16" count="1" type="stmt"/>
          <line num="20" count="1" type="stmt"/>
          <line num="23" count="1" type="stmt"/>
          <line num="33" count="1" type="stmt"/>
          <line num="40" count="1" type="stmt"/>
          <line num="42" count="10" type="stmt"/>
          <line num="48" count="1" type="stmt"/>
          <line num="50" count="1" type="stmt"/>
          <line num="56" count="1" type="stmt"/>
          <line num="71" count="0" type="stmt"/>
          <line num="72" count="0" type="stmt"/>
          <line num="73" count="0" type="stmt"/>
          <line num="74" count="0" type="stmt"/>
          <line num="78" count="0" type="stmt"/>
          <line num="79" count="0" type="stmt"/>
          <line num="80" count="0" type="stmt"/>
          <line num="81" count="0" type="stmt"/>
          <line num="84" count="0" type="stmt"/>
          <line num="92" count="1" type="stmt"/>
          <line num="93" count="1" type="stmt"/>
          <line num="110" count="5" type="stmt"/>
          <line num="126" count="5" type="stmt"/>
          <line num="145" count="1" type="stmt"/>
          <line num="151" count="1" type="stmt"/>
        </file>
        <file name="skill-rate.component.js" path="/home/niouse/Documents/git/my-cv-react/src/my-cv/components/skill-rate.component.js">
          <metrics statements="10" coveredstatements="10" conditionals="2" coveredconditionals="2" methods="4" coveredmethods="4"/>
          <line num="9" count="1" type="stmt"/>
          <line num="16" count="1" type="stmt"/>
          <line num="21" count="1" type="stmt"/>
          <line num="26" count="80" type="cond" truecount="2" falsecount="0"/>
          <line num="29" count="1" type="stmt"/>
          <line num="30" count="16" type="stmt"/>
          <line num="31" count="16" type="stmt"/>
          <line num="37" count="80" type="stmt"/>
          <line num="38" count="80" type="stmt"/>
          <line num="45" count="1" type="stmt"/>
        </file>
        <file name="styled-components.js" path="/home/niouse/Documents/git/my-cv-react/src/my-cv/components/styled-components.js">
          <metrics statements="7" coveredstatements="7" conditionals="0" coveredconditionals="0" methods="1" coveredmethods="1"/>
          <line num="6" count="1" type="stmt"/>
          <line num="18" count="1" type="stmt"/>
          <line num="24" count="1" type="stmt"/>
          <line num="31" count="1" type="stmt"/>
          <line num="38" count="1" type="stmt"/>
          <line num="40" count="10" type="stmt"/>
          <line num="46" count="1" type="stmt"/>
        </file>
      </package>
      <package name="src.my-cv.components.scroll-top">
        <metrics statements="5" coveredstatements="3" conditionals="0" coveredconditionals="0" methods="2" coveredmethods="1"/>
        <file name="scroll-top.component.js" path="/home/niouse/Documents/git/my-cv-react/src/my-cv/components/scroll-top/scroll-top.component.js">
          <metrics statements="5" coveredstatements="3" conditionals="0" coveredconditionals="0" methods="2" coveredmethods="1"/>
          <line num="5" count="1" type="stmt"/>
          <line num="13" count="1" type="stmt"/>
          <line num="23" count="0" type="stmt"/>
          <line num="24" count="0" type="stmt"/>
          <line num="33" count="4" type="stmt"/>
        </file>
      </package>
      <package name="src.my-cv.templates">
        <metrics statements="55" coveredstatements="52" conditionals="8" coveredconditionals="6" methods="19" coveredmethods="16"/>
        <file name="banner.template.js" path="/home/niouse/Documents/git/my-cv-react/src/my-cv/templates/banner.template.js">
          <metrics statements="12" coveredstatements="12" conditionals="0" coveredconditionals="0" methods="3" coveredmethods="3"/>
          <line num="18" count="1" type="stmt"/>
          <line num="19" count="1" type="stmt"/>
          <line num="25" count="1" type="stmt"/>
          <line num="32" count="1" type="stmt"/>
          <line num="36" count="1" type="stmt"/>
          <line num="41" count="1" type="stmt"/>
          <line num="43" count="1" type="stmt"/>
          <line num="49" count="1" type="stmt"/>
          <line num="54" count="1" type="stmt"/>
          <line num="58" count="1" type="stmt"/>
          <line num="59" count="1" type="stmt"/>
          <line num="79" count="1" type="stmt"/>
        </file>
        <file name="contact.template.js" path="/home/niouse/Documents/git/my-cv-react/src/my-cv/templates/contact.template.js">
          <metrics statements="8" coveredstatements="8" conditionals="0" coveredconditionals="0" methods="1" coveredmethods="1"/>
          <line num="16" count="1" type="stmt"/>
          <line num="20" count="1" type="stmt"/>
          <line num="30" count="1" type="stmt"/>
          <line num="35" count="1" type="stmt"/>
          <line num="39" count="1" type="stmt"/>
          <line num="44" count="1" type="stmt"/>
          <line num="48" count="1" type="stmt"/>
          <line num="73" count="1" type="stmt"/>
        </file>
        <file name="experience-detail.template.js" path="/home/niouse/Documents/git/my-cv-react/src/my-cv/templates/experience-detail.template.js">
          <metrics statements="10" coveredstatements="8" conditionals="5" coveredconditionals="3" methods="5" coveredmethods="3"/>
          <line num="17" count="1" type="stmt"/>
          <line num="18" count="0" type="stmt"/>
          <line num="23" count="1" type="stmt"/>
          <line num="27" count="1" type="stmt"/>
          <line num="32" count="0" type="stmt"/>
          <line num="35" count="1" type="stmt"/>
          <line num="41" count="1" type="stmt"/>
          <line num="68" count="3" type="stmt"/>
          <line num="78" count="2" type="stmt"/>
          <line num="100" count="1" type="stmt"/>
        </file>
        <file name="experiences.template.js" path="/home/niouse/Documents/git/my-cv-react/src/my-cv/templates/experiences.template.js">
          <metrics statements="8" coveredstatements="7" conditionals="3" coveredconditionals="3" methods="4" coveredmethods="3"/>
          <line num="11" count="1" type="stmt"/>
          <line num="20" count="3" type="stmt"/>
          <line num="24" count="1" type="stmt"/>
          <line num="30" count="1" type="stmt"/>
          <line num="31" count="1" type="stmt"/>
          <line num="36" count="3" type="stmt"/>
          <line num="39" count="0" type="stmt"/>
          <line num="58" count="1" type="stmt"/>
        </file>
        <file name="formations.template.js" path="/home/niouse/Documents/git/my-cv-react/src/my-cv/templates/formations.template.js">
          <metrics statements="5" coveredstatements="5" conditionals="0" coveredconditionals="0" methods="2" coveredmethods="2"/>
          <line num="10" count="1" type="stmt"/>
          <line num="14" count="1" type="stmt"/>
          <line num="15" count="1" type="stmt"/>
          <line num="21" count="4" type="stmt"/>
          <line num="36" count="1" type="stmt"/>
        </file>
        <file name="skills.template.js" path="/home/niouse/Documents/git/my-cv-react/src/my-cv/templates/skills.template.js">
          <metrics statements="12" coveredstatements="12" conditionals="0" coveredconditionals="0" methods="4" coveredmethods="4"/>
          <line num="14" count="1" type="stmt"/>
          <line num="21" count="1" type="stmt"/>
          <line num="29" count="1" type="stmt"/>
          <line num="40" count="1" type="stmt"/>
          <line num="41" count="5" type="stmt"/>
          <line num="45" count="16" type="stmt"/>
          <line num="51" count="1" type="stmt"/>
          <line num="52" count="1" type="stmt"/>
          <line num="53" count="1" type="stmt"/>
          <line num="57" count="5" type="stmt"/>
          <line num="70" count="1" type="stmt"/>
          <line num="75" count="1" type="stmt"/>
        </file>
      </package>
      <package name="src.my-cv.themes">
        <metrics statements="9" coveredstatements="0" conditionals="8" coveredconditionals="0" methods="2" coveredmethods="0"/>
        <file name="default.theme.js" path="/home/niouse/Documents/git/my-cv-react/src/my-cv/themes/default.theme.js">
          <metrics statements="6" coveredstatements="0" conditionals="4" coveredconditionals="0" methods="1" coveredmethods="0"/>
          <line num="1" count="0" type="stmt"/>
          <line num="2" count="0" type="stmt"/>
          <line num="3" count="0" type="stmt"/>
          <line num="4" count="0" type="cond" truecount="0" falsecount="4"/>
          <line num="8" count="0" type="stmt"/>
          <line num="19" count="0" type="stmt"/>
        </file>
        <file name="index.js" path="/home/niouse/Documents/git/my-cv-react/src/my-cv/themes/index.js">
          <metrics statements="3" coveredstatements="0" conditionals="4" coveredconditionals="0" methods="1" coveredmethods="0"/>
          <line num="1" count="0" type="cond" truecount="0" falsecount="4"/>
          <line num="3" count="0" type="stmt"/>
          <line num="4" count="0" type="stmt"/>
        </file>
      </package>
    </metrics>
  </project>
</coverage>
