{"/home/niouse/Documents/git/my-cv-react/src/index.js": {"path":"/home/niouse/Documents/git/my-cv-react/src/index.js","statementMap":{"0":{"start":{"line":1,"column":32},"end":{"line":1,"column":85}},"1":{"start":{"line":1,"column":99},"end":{"line":1,"column":115}},"2":{"start":{"line":1,"column":130},"end":{"line":1,"column":160}},"3":{"start":{"line":2,"column":16},"end":{"line":2,"column":36}},"4":{"start":{"line":2,"column":54},"end":{"line":2,"column":87}},"5":{"start":{"line":3,"column":12},"end":{"line":3,"column":46}},"6":{"start":{"line":3,"column":60},"end":{"line":3,"column":89}},"7":{"start":{"line":3,"column":128},"end":{"line":3,"column":182}},"8":{"start":{"line":5,"column":0},"end":{"line":5,"column":205}}},"fnMap":{"0":{"name":"_interopRequireDefault","decl":{"start":{"line":3,"column":99},"end":{"line":3,"column":121}},"loc":{"start":{"line":3,"column":127},"end":{"line":3,"column":183}},"line":3}},"branchMap":{"0":{"loc":{"start":{"line":3,"column":135},"end":{"line":3,"column":181}},"type":"cond-expr","locations":[{"start":{"line":3,"column":159},"end":{"line":3,"column":162}},{"start":{"line":3,"column":165},"end":{"line":3,"column":181}}],"line":3},"1":{"loc":{"start":{"line":3,"column":135},"end":{"line":3,"column":156}},"type":"binary-expr","locations":[{"start":{"line":3,"column":135},"end":{"line":3,"column":138}},{"start":{"line":3,"column":142},"end":{"line":3,"column":156}}],"line":3}},"s":{"0":0,"1":0,"2":0,"3":0,"4":0,"5":0,"6":0,"7":0,"8":0},"f":{"0":0},"b":{"0":[0,0],"1":[0,0]}}
,"/home/niouse/Documents/git/my-cv-react/src/setupTests.js": {"path":"/home/niouse/Documents/git/my-cv-react/src/setupTests.js","statementMap":{"0":{"start":{"line":4,"column":0},"end":{"line":4,"column":38}}},"fnMap":{},"branchMap":{},"s":{"0":1},"f":{},"b":{},"_coverageSchema":"332fd63041d2c1bcb487cc26dd0d5f7d97098a6c","hash":"d12edb13fb486711ee049aea21594703c9353929"}
,"/home/niouse/Documents/git/my-cv-react/src/my-cv/my-cv.component.js": {"path":"/home/niouse/Documents/git/my-cv-react/src/my-cv/my-cv.component.js","statementMap":{"0":{"start":{"line":22,"column":15},"end":{"line":26,"column":1}},"1":{"start":{"line":28,"column":16},"end":{"line":31,"column":1}},"2":{"start":{"line":33,"column":15},"end":{"line":38,"column":1}},"3":{"start":{"line":42,"column":4},"end":{"line":42,"column":11}},"4":{"start":{"line":43,"column":4},"end":{"line":46,"column":5}},"5":{"start":{"line":52,"column":4},"end":{"line":55,"column":6}},"6":{"start":{"line":59,"column":4},"end":{"line":61,"column":6}},"7":{"start":{"line":65,"column":4},"end":{"line":65,"column":22}},"8":{"start":{"line":69,"column":56},"end":{"line":69,"column":66}},"9":{"start":{"line":70,"column":4},"end":{"line":115,"column":6}},"10":{"start":{"line":119,"column":0},"end":{"line":125,"column":1}},"11":{"start":{"line":128,"column":18},"end":{"line":128,"column":34}},"12":{"start":{"line":129,"column":17},"end":{"line":129,"column":38}}},"fnMap":{"0":{"name":"(anonymous_0)","decl":{"start":{"line":41,"column":2},"end":{"line":41,"column":3}},"loc":{"start":{"line":41,"column":16},"end":{"line":47,"column":3}},"line":41},"1":{"name":"(anonymous_1)","decl":{"start":{"line":49,"column":2},"end":{"line":49,"column":3}},"loc":{"start":{"line":49,"column":22},"end":{"line":49,"column":25}},"line":49},"2":{"name":"(anonymous_2)","decl":{"start":{"line":51,"column":16},"end":{"line":51,"column":17}},"loc":{"start":{"line":51,"column":27},"end":{"line":56,"column":3}},"line":51},"3":{"name":"(anonymous_3)","decl":{"start":{"line":58,"column":17},"end":{"line":58,"column":18}},"loc":{"start":{"line":58,"column":23},"end":{"line":62,"column":3}},"line":58},"4":{"name":"(anonymous_4)","decl":{"start":{"line":64,"column":15},"end":{"line":64,"column":16}},"loc":{"start":{"line":64,"column":22},"end":{"line":66,"column":3}},"line":64},"5":{"name":"(anonymous_5)","decl":{"start":{"line":68,"column":2},"end":{"line":68,"column":3}},"loc":{"start":{"line":68,"column":11},"end":{"line":116,"column":3}},"line":68}},"branchMap":{},"s":{"0":1,"1":1,"2":1,"3":1,"4":1,"5":0,"6":0,"7":0,"8":1,"9":1,"10":1,"11":1,"12":1},"f":{"0":1,"1":1,"2":0,"3":0,"4":0,"5":1},"b":{},"_coverageSchema":"332fd63041d2c1bcb487cc26dd0d5f7d97098a6c","hash":"f8781ac5175806cd3ab4c6db1bd60552296bb889"}
,"/home/niouse/Documents/git/my-cv-react/src/my-cv/api/compute-options.js": {"path":"/home/niouse/Documents/git/my-cv-react/src/my-cv/api/compute-options.js","statementMap":{"0":{"start":{"line":1,"column":23},"end":{"line":21,"column":1}},"1":{"start":{"line":2,"column":10},"end":{"line":2,"column":16}},"2":{"start":{"line":3,"column":8},"end":{"line":3,"column":16}},"3":{"start":{"line":4,"column":8},"end":{"line":4,"column":25}},"4":{"start":{"line":5,"column":8},"end":{"line":5,"column":45}},"5":{"start":{"line":6,"column":8},"end":{"line":6,"column":54}},"6":{"start":{"line":7,"column":8},"end":{"line":7,"column":57}},"7":{"start":{"line":8,"column":15},"end":{"line":8,"column":20}},"8":{"start":{"line":10,"column":2},"end":{"line":12,"column":3}},"9":{"start":{"line":11,"column":4},"end":{"line":11,"column":20}},"10":{"start":{"line":14,"column":14},"end":{"line":18,"column":3}},"11":{"start":{"line":20,"column":2},"end":{"line":20,"column":13}}},"fnMap":{"0":{"name":"(anonymous_0)","decl":{"start":{"line":1,"column":23},"end":{"line":1,"column":24}},"loc":{"start":{"line":1,"column":29},"end":{"line":21,"column":1}},"line":1}},"branchMap":{"0":{"loc":{"start":{"line":6,"column":8},"end":{"line":6,"column":54}},"type":"binary-expr","locations":[{"start":{"line":6,"column":8},"end":{"line":6,"column":20}},{"start":{"line":6,"column":24},"end":{"line":6,"column":37}},{"start":{"line":6,"column":41},"end":{"line":6,"column":54}}],"line":6},"1":{"loc":{"start":{"line":7,"column":8},"end":{"line":7,"column":57}},"type":"binary-expr","locations":[{"start":{"line":7,"column":8},"end":{"line":7,"column":21}},{"start":{"line":7,"column":25},"end":{"line":7,"column":39}},{"start":{"line":7,"column":43},"end":{"line":7,"column":57}}],"line":7},"2":{"loc":{"start":{"line":10,"column":2},"end":{"line":12,"column":3}},"type":"if","locations":[{"start":{"line":10,"column":2},"end":{"line":12,"column":3}},{"start":{"line":10,"column":2},"end":{"line":12,"column":3}}],"line":10},"3":{"loc":{"start":{"line":10,"column":7},"end":{"line":10,"column":2015}},"type":"binary-expr","locations":[{"start":{"line":10,"column":7},"end":{"line":10,"column":359}},{"start":{"line":10,"column":363},"end":{"line":10,"column":2015}}],"line":10},"4":{"loc":{"start":{"line":15,"column":14},"end":{"line":15,"column":52}},"type":"cond-expr","locations":[{"start":{"line":15,"column":37},"end":{"line":15,"column":45}},{"start":{"line":15,"column":48},"end":{"line":15,"column":52}}],"line":15},"5":{"loc":{"start":{"line":15,"column":14},"end":{"line":15,"column":34}},"type":"binary-expr","locations":[{"start":{"line":15,"column":14},"end":{"line":15,"column":22}},{"start":{"line":15,"column":26},"end":{"line":15,"column":34}}],"line":15}},"s":{"0":1,"1":1,"2":1,"3":1,"4":1,"5":1,"6":1,"7":1,"8":1,"9":0,"10":1,"11":1},"f":{"0":1},"b":{"0":[1,0,0],"1":[1,0,0],"2":[0,1],"3":[1,1],"4":[1,0],"5":[1,0]},"_coverageSchema":"332fd63041d2c1bcb487cc26dd0d5f7d97098a6c","hash":"17a64edbc9346972047c2ad69794be03b81d9a4f"}
,"/home/niouse/Documents/git/my-cv-react/src/my-cv/api/format-skills.js": {"path":"/home/niouse/Documents/git/my-cv-react/src/my-cv/api/format-skills.js","statementMap":{"0":{"start":{"line":1,"column":21},"end":{"line":17,"column":1}},"1":{"start":{"line":2,"column":11},"end":{"line":2,"column":13}},"2":{"start":{"line":3,"column":2},"end":{"line":5,"column":4}},"3":{"start":{"line":4,"column":4},"end":{"line":4,"column":58}},"4":{"start":{"line":4,"column":39},"end":{"line":4,"column":58}},"5":{"start":{"line":6,"column":2},"end":{"line":15,"column":4}},"6":{"start":{"line":7,"column":18},"end":{"line":7,"column":20}},"7":{"start":{"line":8,"column":4},"end":{"line":10,"column":44}},"8":{"start":{"line":9,"column":23},"end":{"line":9,"column":42}},"9":{"start":{"line":10,"column":24},"end":{"line":10,"column":43}},"10":{"start":{"line":11,"column":4},"end":{"line":14,"column":6}},"11":{"start":{"line":16,"column":2},"end":{"line":16,"column":12}}},"fnMap":{"0":{"name":"(anonymous_0)","decl":{"start":{"line":1,"column":21},"end":{"line":1,"column":22}},"loc":{"start":{"line":1,"column":33},"end":{"line":17,"column":1}},"line":1},"1":{"name":"(anonymous_1)","decl":{"start":{"line":3,"column":17},"end":{"line":3,"column":18}},"loc":{"start":{"line":3,"column":27},"end":{"line":5,"column":3}},"line":3},"2":{"name":"(anonymous_2)","decl":{"start":{"line":6,"column":16},"end":{"line":6,"column":17}},"loc":{"start":{"line":6,"column":26},"end":{"line":15,"column":3}},"line":6},"3":{"name":"(anonymous_3)","decl":{"start":{"line":9,"column":14},"end":{"line":9,"column":15}},"loc":{"start":{"line":9,"column":23},"end":{"line":9,"column":42}},"line":9},"4":{"name":"(anonymous_4)","decl":{"start":{"line":10,"column":15},"end":{"line":10,"column":16}},"loc":{"start":{"line":10,"column":24},"end":{"line":10,"column":43}},"line":10}},"branchMap":{"0":{"loc":{"start":{"line":4,"column":4},"end":{"line":4,"column":58}},"type":"if","locations":[{"start":{"line":4,"column":4},"end":{"line":4,"column":58}},{"start":{"line":4,"column":4},"end":{"line":4,"column":58}}],"line":4}},"s":{"0":1,"1":1,"2":1,"3":16,"4":5,"5":1,"6":5,"7":5,"8":80,"9":16,"10":5,"11":1},"f":{"0":1,"1":16,"2":5,"3":80,"4":16},"b":{"0":[5,11]},"_coverageSchema":"332fd63041d2c1bcb487cc26dd0d5f7d97098a6c","hash":"00e919a7adbe4c63b101642c6eda290412c07c27"}
,"/home/niouse/Documents/git/my-cv-react/src/my-cv/api/scroll-to.js": {"path":"/home/niouse/Documents/git/my-cv-react/src/my-cv/api/scroll-to.js","statementMap":{"0":{"start":{"line":1,"column":17},"end":{"line":7,"column":1}},"1":{"start":{"line":2,"column":2},"end":{"line":6,"column":6}}},"fnMap":{"0":{"name":"(anonymous_0)","decl":{"start":{"line":1,"column":17},"end":{"line":1,"column":18}},"loc":{"start":{"line":1,"column":31},"end":{"line":7,"column":1}},"line":1}},"branchMap":{},"s":{"0":1,"1":0},"f":{"0":0},"b":{},"_coverageSchema":"332fd63041d2c1bcb487cc26dd0d5f7d97098a6c","hash":"d5dee9d196c8d0ca3acf1705d7fd9ebfbad37807"}
,"/home/niouse/Documents/git/my-cv-react/src/my-cv/api/theme-utils.js": {"path":"/home/niouse/Documents/git/my-cv-react/src/my-cv/api/theme-utils.js","statementMap":{"0":{"start":{"line":2,"column":20},"end":{"line":6,"column":1}},"1":{"start":{"line":2,"column":36},"end":{"line":6,"column":1}},"2":{"start":{"line":3,"column":4},"end":{"line":5,"column":8}},"3":{"start":{"line":9,"column":22},"end":{"line":13,"column":1}},"4":{"start":{"line":9,"column":38},"end":{"line":13,"column":1}},"5":{"start":{"line":10,"column":4},"end":{"line":12,"column":15}},"6":{"start":{"line":15,"column":24},"end":{"line":15,"column":56}},"7":{"start":{"line":15,"column":33},"end":{"line":15,"column":56}},"8":{"start":{"line":15,"column":46},"end":{"line":15,"column":56}}},"fnMap":{"0":{"name":"(anonymous_0)","decl":{"start":{"line":2,"column":20},"end":{"line":2,"column":21}},"loc":{"start":{"line":2,"column":36},"end":{"line":6,"column":1}},"line":2},"1":{"name":"(anonymous_1)","decl":{"start":{"line":2,"column":36},"end":{"line":2,"column":37}},"loc":{"start":{"line":3,"column":4},"end":{"line":5,"column":8}},"line":3},"2":{"name":"(anonymous_2)","decl":{"start":{"line":9,"column":22},"end":{"line":9,"column":23}},"loc":{"start":{"line":9,"column":38},"end":{"line":13,"column":1}},"line":9},"3":{"name":"(anonymous_3)","decl":{"start":{"line":9,"column":38},"end":{"line":9,"column":39}},"loc":{"start":{"line":10,"column":4},"end":{"line":12,"column":15}},"line":10},"4":{"name":"(anonymous_4)","decl":{"start":{"line":15,"column":24},"end":{"line":15,"column":25}},"loc":{"start":{"line":15,"column":33},"end":{"line":15,"column":56}},"line":15},"5":{"name":"(anonymous_5)","decl":{"start":{"line":15,"column":33},"end":{"line":15,"column":34}},"loc":{"start":{"line":15,"column":46},"end":{"line":15,"column":56}},"line":15}},"branchMap":{"0":{"loc":{"start":{"line":3,"column":4},"end":{"line":5,"column":8}},"type":"cond-expr","locations":[{"start":{"line":4,"column":4},"end":{"line":4,"column":8}},{"start":{"line":5,"column":4},"end":{"line":5,"column":8}}],"line":3},"1":{"loc":{"start":{"line":10,"column":4},"end":{"line":12,"column":15}},"type":"cond-expr","locations":[{"start":{"line":11,"column":4},"end":{"line":11,"column":15}},{"start":{"line":12,"column":4},"end":{"line":12,"column":15}}],"line":10}},"s":{"0":1,"1":13,"2":21,"3":1,"4":1,"5":3,"6":1,"7":12,"8":61},"f":{"0":13,"1":21,"2":1,"3":3,"4":12,"5":61},"b":{"0":[0,21],"1":[2,1]},"_coverageSchema":"332fd63041d2c1bcb487cc26dd0d5f7d97098a6c","hash":"ef412e27cb8c21ac4186c6af2de9c84c0882b91a"}
,"/home/niouse/Documents/git/my-cv-react/src/my-cv/api/theme.js": {"path":"/home/niouse/Documents/git/my-cv-react/src/my-cv/api/theme.js","statementMap":{"0":{"start":{"line":2,"column":26},"end":{"line":13,"column":5}}},"fnMap":{},"branchMap":{},"s":{"0":1},"f":{},"b":{},"_coverageSchema":"332fd63041d2c1bcb487cc26dd0d5f7d97098a6c","hash":"832eefafff318974f611841a798144406b258d93"}
,"/home/niouse/Documents/git/my-cv-react/src/my-cv/api/with-data.js": {"path":"/home/niouse/Documents/git/my-cv-react/src/my-cv/api/with-data.js","statementMap":{"0":{"start":{"line":11,"column":17},"end":{"line":14,"column":1}},"1":{"start":{"line":15,"column":11},"end":{"line":18,"column":1}},"2":{"start":{"line":20,"column":14},"end":{"line":23,"column":1}},"3":{"start":{"line":25,"column":17},"end":{"line":54,"column":1}},"4":{"start":{"line":25,"column":23},"end":{"line":54,"column":1}},"5":{"start":{"line":28,"column":6},"end":{"line":28,"column":13}},"6":{"start":{"line":29,"column":6},"end":{"line":33,"column":7}},"7":{"start":{"line":37,"column":6},"end":{"line":41,"column":8}},"8":{"start":{"line":45,"column":6},"end":{"line":50,"column":35}},"9":{"start":{"line":53,"column":2},"end":{"line":53,"column":15}}},"fnMap":{"0":{"name":"(anonymous_0)","decl":{"start":{"line":25,"column":17},"end":{"line":25,"column":18}},"loc":{"start":{"line":25,"column":23},"end":{"line":54,"column":1}},"line":25},"1":{"name":"(anonymous_1)","decl":{"start":{"line":25,"column":23},"end":{"line":25,"column":24}},"loc":{"start":{"line":25,"column":36},"end":{"line":54,"column":1}},"line":25},"2":{"name":"(anonymous_2)","decl":{"start":{"line":27,"column":4},"end":{"line":27,"column":5}},"loc":{"start":{"line":27,"column":23},"end":{"line":34,"column":5}},"line":27},"3":{"name":"(anonymous_3)","decl":{"start":{"line":36,"column":18},"end":{"line":36,"column":19}},"loc":{"start":{"line":36,"column":27},"end":{"line":42,"column":5}},"line":36},"4":{"name":"(anonymous_4)","decl":{"start":{"line":44,"column":4},"end":{"line":44,"column":5}},"loc":{"start":{"line":44,"column":13},"end":{"line":51,"column":5}},"line":44}},"branchMap":{},"s":{"0":1,"1":1,"2":1,"3":1,"4":1,"5":1,"6":1,"7":0,"8":1,"9":1},"f":{"0":1,"1":1,"2":1,"3":0,"4":1},"b":{},"_coverageSchema":"332fd63041d2c1bcb487cc26dd0d5f7d97098a6c","hash":"e334d8473a54e9fad5fa0d3db91e6fe26b432673"}
,"/home/niouse/Documents/git/my-cv-react/src/my-cv/api/with-theme.js": {"path":"/home/niouse/Documents/git/my-cv-react/src/my-cv/api/with-theme.js","statementMap":{"0":{"start":{"line":7,"column":18},"end":{"line":37,"column":1}},"1":{"start":{"line":7,"column":24},"end":{"line":37,"column":1}},"2":{"start":{"line":10,"column":6},"end":{"line":10,"column":13}},"3":{"start":{"line":11,"column":6},"end":{"line":13,"column":7}},"4":{"start":{"line":17,"column":6},"end":{"line":17,"column":59}},"5":{"start":{"line":21,"column":6},"end":{"line":23,"column":8}},"6":{"start":{"line":27,"column":6},"end":{"line":33,"column":7}},"7":{"start":{"line":36,"column":2},"end":{"line":36,"column":15}}},"fnMap":{"0":{"name":"(anonymous_0)","decl":{"start":{"line":7,"column":18},"end":{"line":7,"column":19}},"loc":{"start":{"line":7,"column":24},"end":{"line":37,"column":1}},"line":7},"1":{"name":"(anonymous_1)","decl":{"start":{"line":7,"column":24},"end":{"line":7,"column":25}},"loc":{"start":{"line":7,"column":37},"end":{"line":37,"column":1}},"line":7},"2":{"name":"(anonymous_2)","decl":{"start":{"line":9,"column":4},"end":{"line":9,"column":5}},"loc":{"start":{"line":9,"column":23},"end":{"line":14,"column":5}},"line":9},"3":{"name":"(anonymous_3)","decl":{"start":{"line":16,"column":4},"end":{"line":16,"column":5}},"loc":{"start":{"line":16,"column":24},"end":{"line":18,"column":5}},"line":16},"4":{"name":"(anonymous_4)","decl":{"start":{"line":20,"column":20},"end":{"line":20,"column":21}},"loc":{"start":{"line":20,"column":26},"end":{"line":24,"column":5}},"line":20},"5":{"name":"(anonymous_5)","decl":{"start":{"line":26,"column":4},"end":{"line":26,"column":5}},"loc":{"start":{"line":26,"column":13},"end":{"line":34,"column":5}},"line":26}},"branchMap":{},"s":{"0":1,"1":1,"2":1,"3":1,"4":1,"5":0,"6":1,"7":1},"f":{"0":1,"1":1,"2":1,"3":1,"4":0,"5":1},"b":{},"_coverageSchema":"332fd63041d2c1bcb487cc26dd0d5f7d97098a6c","hash":"709a4ef330dc47b1eaae17ee3cc4fef853c5c702"}
,"/home/niouse/Documents/git/my-cv-react/src/my-cv/components/contact-form.component.js": {"path":"/home/niouse/Documents/git/my-cv-react/src/my-cv/components/contact-form.component.js","statementMap":{"0":{"start":{"line":8,"column":13},"end":{"line":12,"column":1}},"1":{"start":{"line":14,"column":14},"end":{"line":23,"column":3}},"2":{"start":{"line":25,"column":17},"end":{"line":25,"column":48}},"3":{"start":{"line":27,"column":15},"end":{"line":39,"column":3}},"4":{"start":{"line":43,"column":4},"end":{"line":43,"column":11}},"5":{"start":{"line":44,"column":4},"end":{"line":48,"column":5}},"6":{"start":{"line":53,"column":4},"end":{"line":53,"column":51}},"7":{"start":{"line":57,"column":4},"end":{"line":60,"column":68}},"8":{"start":{"line":58,"column":6},"end":{"line":58,"column":46}},"9":{"start":{"line":60,"column":9},"end":{"line":60,"column":68}},"10":{"start":{"line":64,"column":22},"end":{"line":64,"column":32}},"11":{"start":{"line":65,"column":4},"end":{"line":87,"column":6}},"12":{"start":{"line":71,"column":27},"end":{"line":71,"column":59}},"13":{"start":{"line":76,"column":27},"end":{"line":76,"column":60}},"14":{"start":{"line":81,"column":27},"end":{"line":81,"column":62}},"15":{"start":{"line":91,"column":0},"end":{"line":99,"column":2}},"16":{"start":{"line":101,"column":0},"end":{"line":106,"column":1}}},"fnMap":{"0":{"name":"(anonymous_0)","decl":{"start":{"line":42,"column":2},"end":{"line":42,"column":3}},"loc":{"start":{"line":42,"column":16},"end":{"line":49,"column":3}},"line":42},"1":{"name":"(anonymous_1)","decl":{"start":{"line":52,"column":21},"end":{"line":52,"column":22}},"loc":{"start":{"line":52,"column":33},"end":{"line":54,"column":3}},"line":52},"2":{"name":"(anonymous_2)","decl":{"start":{"line":56,"column":15},"end":{"line":56,"column":16}},"loc":{"start":{"line":56,"column":21},"end":{"line":61,"column":3}},"line":56},"3":{"name":"(anonymous_3)","decl":{"start":{"line":63,"column":2},"end":{"line":63,"column":3}},"loc":{"start":{"line":63,"column":11},"end":{"line":88,"column":3}},"line":63},"4":{"name":"(anonymous_4)","decl":{"start":{"line":71,"column":20},"end":{"line":71,"column":21}},"loc":{"start":{"line":71,"column":27},"end":{"line":71,"column":59}},"line":71},"5":{"name":"(anonymous_5)","decl":{"start":{"line":76,"column":20},"end":{"line":76,"column":21}},"loc":{"start":{"line":76,"column":27},"end":{"line":76,"column":60}},"line":76},"6":{"name":"(anonymous_6)","decl":{"start":{"line":81,"column":20},"end":{"line":81,"column":21}},"loc":{"start":{"line":81,"column":27},"end":{"line":81,"column":62}},"line":81}},"branchMap":{"0":{"loc":{"start":{"line":57,"column":4},"end":{"line":60,"column":68}},"type":"if","locations":[{"start":{"line":57,"column":4},"end":{"line":60,"column":68}},{"start":{"line":57,"column":4},"end":{"line":60,"column":68}}],"line":57},"1":{"loc":{"start":{"line":57,"column":8},"end":{"line":57,"column":78}},"type":"binary-expr","locations":[{"start":{"line":57,"column":8},"end":{"line":57,"column":29}},{"start":{"line":57,"column":33},"end":{"line":57,"column":78}}],"line":57}},"s":{"0":1,"1":1,"2":1,"3":1,"4":1,"5":1,"6":0,"7":0,"8":0,"9":0,"10":1,"11":1,"12":0,"13":0,"14":0,"15":1,"16":1},"f":{"0":1,"1":0,"2":0,"3":1,"4":0,"5":0,"6":0},"b":{"0":[0,0],"1":[0,0]},"_coverageSchema":"332fd63041d2c1bcb487cc26dd0d5f7d97098a6c","hash":"94d24a95a0228d2aa0f9d194908b537f985decd5"}
,"/home/niouse/Documents/git/my-cv-react/src/my-cv/components/line-title.component.js": {"path":"/home/niouse/Documents/git/my-cv-react/src/my-cv/components/line-title.component.js","statementMap":{"0":{"start":{"line":7,"column":18},"end":{"line":13,"column":1}},"1":{"start":{"line":15,"column":13},"end":{"line":20,"column":1}},"2":{"start":{"line":22,"column":14},"end":{"line":30,"column":1}},"3":{"start":{"line":32,"column":18},"end":{"line":42,"column":1}},"4":{"start":{"line":33,"column":2},"end":{"line":41,"column":3}},"5":{"start":{"line":44,"column":0},"end":{"line":46,"column":1}}},"fnMap":{"0":{"name":"(anonymous_0)","decl":{"start":{"line":32,"column":18},"end":{"line":32,"column":19}},"loc":{"start":{"line":32,"column":33},"end":{"line":42,"column":1}},"line":32}},"branchMap":{},"s":{"0":1,"1":1,"2":1,"3":1,"4":4,"5":1},"f":{"0":4},"b":{},"_coverageSchema":"332fd63041d2c1bcb487cc26dd0d5f7d97098a6c","hash":"d27cec59c05cf8a67ff6214ce2c837169cb32b3d"}
,"/home/niouse/Documents/git/my-cv-react/src/my-cv/components/navigation.component.js": {"path":"/home/niouse/Documents/git/my-cv-react/src/my-cv/components/navigation.component.js","statementMap":{"0":{"start":{"line":13,"column":34},"end":{"line":13,"column":43}},"1":{"start":{"line":16,"column":21},"end":{"line":21,"column":1}},"2":{"start":{"line":20,"column":40},"end":{"line":20,"column":47}},"3":{"start":{"line":23,"column":18},"end":{"line":31,"column":1}},"4":{"start":{"line":33,"column":12},"end":{"line":38,"column":1}},"5":{"start":{"line":40,"column":18},"end":{"line":46,"column":1}},"6":{"start":{"line":42,"column":31},"end":{"line":42,"column":40}},"7":{"start":{"line":48,"column":18},"end":{"line":48,"column":51}},"8":{"start":{"line":50,"column":13},"end":{"line":54,"column":1}},"9":{"start":{"line":56,"column":15},"end":{"line":62,"column":1}},"10":{"start":{"line":71,"column":4},"end":{"line":71,"column":22}},"11":{"start":{"line":72,"column":17},"end":{"line":72,"column":45}},"12":{"start":{"line":73,"column":19},"end":{"line":73,"column":48}},"13":{"start":{"line":74,"column":4},"end":{"line":74,"column":20}},"14":{"start":{"line":78,"column":4},"end":{"line":78,"column":22}},"15":{"start":{"line":79,"column":18},"end":{"line":79,"column":39}},"16":{"start":{"line":80,"column":19},"end":{"line":80,"column":49}},"17":{"start":{"line":81,"column":4},"end":{"line":81,"column":20}},"18":{"start":{"line":84,"column":23},"end":{"line":84,"column":74}},"19":{"start":{"line":92,"column":8},"end":{"line":92,"column":18}},"20":{"start":{"line":93,"column":4},"end":{"line":140,"column":5}},"21":{"start":{"line":110,"column":14},"end":{"line":120,"column":15}},"22":{"start":{"line":126,"column":16},"end":{"line":134,"column":17}},"23":{"start":{"line":145,"column":0},"end":{"line":149,"column":1}},"24":{"start":{"line":151,"column":0},"end":{"line":159,"column":1}}},"fnMap":{"0":{"name":"(anonymous_0)","decl":{"start":{"line":20,"column":23},"end":{"line":20,"column":24}},"loc":{"start":{"line":20,"column":40},"end":{"line":20,"column":47}},"line":20},"1":{"name":"(anonymous_1)","decl":{"start":{"line":42,"column":12},"end":{"line":42,"column":13}},"loc":{"start":{"line":42,"column":31},"end":{"line":42,"column":40}},"line":42},"2":{"name":"(anonymous_2)","decl":{"start":{"line":67,"column":2},"end":{"line":67,"column":3}},"loc":{"start":{"line":67,"column":22},"end":{"line":68,"column":3}},"line":67},"3":{"name":"(anonymous_3)","decl":{"start":{"line":70,"column":18},"end":{"line":70,"column":19}},"loc":{"start":{"line":70,"column":25},"end":{"line":75,"column":3}},"line":70},"4":{"name":"(anonymous_4)","decl":{"start":{"line":77,"column":16},"end":{"line":77,"column":17}},"loc":{"start":{"line":77,"column":23},"end":{"line":82,"column":3}},"line":77},"5":{"name":"(anonymous_5)","decl":{"start":{"line":84,"column":16},"end":{"line":84,"column":17}},"loc":{"start":{"line":84,"column":23},"end":{"line":84,"column":74}},"line":84},"6":{"name":"(anonymous_6)","decl":{"start":{"line":87,"column":2},"end":{"line":87,"column":3}},"loc":{"start":{"line":87,"column":11},"end":{"line":142,"column":3}},"line":87},"7":{"name":"(anonymous_7)","decl":{"start":{"line":109,"column":26},"end":{"line":109,"column":27}},"loc":{"start":{"line":109,"column":43},"end":{"line":121,"column":13}},"line":109},"8":{"name":"(anonymous_8)","decl":{"start":{"line":125,"column":27},"end":{"line":125,"column":28}},"loc":{"start":{"line":125,"column":44},"end":{"line":135,"column":15}},"line":125}},"branchMap":{},"s":{"0":1,"1":1,"2":1,"3":1,"4":1,"5":1,"6":10,"7":1,"8":1,"9":1,"10":0,"11":0,"12":0,"13":0,"14":0,"15":0,"16":0,"17":0,"18":0,"19":1,"20":1,"21":5,"22":5,"23":1,"24":1},"f":{"0":1,"1":10,"2":1,"3":0,"4":0,"5":0,"6":1,"7":5,"8":5},"b":{},"_coverageSchema":"332fd63041d2c1bcb487cc26dd0d5f7d97098a6c","hash":"6f72099d4d8151068e84fbd008479c31dffe4ab4"}
,"/home/niouse/Documents/git/my-cv-react/src/my-cv/components/skill-rate.component.js": {"path":"/home/niouse/Documents/git/my-cv-react/src/my-cv/components/skill-rate.component.js","statementMap":{"0":{"start":{"line":9,"column":18},"end":{"line":14,"column":1}},"1":{"start":{"line":16,"column":13},"end":{"line":19,"column":1}},"2":{"start":{"line":21,"column":15},"end":{"line":27,"column":1}},"3":{"start":{"line":26,"column":47},"end":{"line":26,"column":78}},"4":{"start":{"line":29,"column":18},"end":{"line":43,"column":1}},"5":{"start":{"line":30,"column":18},"end":{"line":30,"column":42}},"6":{"start":{"line":31,"column":2},"end":{"line":42,"column":3}},"7":{"start":{"line":37,"column":34},"end":{"line":37,"column":50}},"8":{"start":{"line":38,"column":36},"end":{"line":38,"column":86}},"9":{"start":{"line":45,"column":0},"end":{"line":48,"column":1}}},"fnMap":{"0":{"name":"(anonymous_0)","decl":{"start":{"line":26,"column":23},"end":{"line":26,"column":24}},"loc":{"start":{"line":26,"column":47},"end":{"line":26,"column":78}},"line":26},"1":{"name":"(anonymous_1)","decl":{"start":{"line":29,"column":18},"end":{"line":29,"column":19}},"loc":{"start":{"line":29,"column":38},"end":{"line":43,"column":1}},"line":29},"2":{"name":"(anonymous_2)","decl":{"start":{"line":37,"column":17},"end":{"line":37,"column":18}},"loc":{"start":{"line":37,"column":34},"end":{"line":37,"column":50}},"line":37},"3":{"name":"(anonymous_3)","decl":{"start":{"line":38,"column":17},"end":{"line":38,"column":18}},"loc":{"start":{"line":38,"column":36},"end":{"line":38,"column":86}},"line":38}},"branchMap":{"0":{"loc":{"start":{"line":26,"column":47},"end":{"line":26,"column":78}},"type":"cond-expr","locations":[{"start":{"line":26,"column":57},"end":{"line":26,"column":66}},{"start":{"line":26,"column":69},"end":{"line":26,"column":78}}],"line":26}},"s":{"0":1,"1":1,"2":1,"3":80,"4":1,"5":16,"6":16,"7":80,"8":80,"9":1},"f":{"0":80,"1":16,"2":80,"3":80},"b":{"0":[20,60]},"_coverageSchema":"332fd63041d2c1bcb487cc26dd0d5f7d97098a6c","hash":"76b03ec67556e4553ac5fdfcdb1a160a6dc611b2"}
,"/home/niouse/Documents/git/my-cv-react/src/my-cv/components/styled-components.js": {"path":"/home/niouse/Documents/git/my-cv-react/src/my-cv/components/styled-components.js","statementMap":{"0":{"start":{"line":6,"column":25},"end":{"line":15,"column":1}},"1":{"start":{"line":18,"column":25},"end":{"line":22,"column":1}},"2":{"start":{"line":24,"column":18},"end":{"line":29,"column":1}},"3":{"start":{"line":31,"column":18},"end":{"line":36,"column":1}},"4":{"start":{"line":38,"column":17},"end":{"line":44,"column":1}},"5":{"start":{"line":40,"column":21},"end":{"line":40,"column":32}},"6":{"start":{"line":46,"column":21},"end":{"line":52,"column":1}}},"fnMap":{"0":{"name":"(anonymous_0)","decl":{"start":{"line":40,"column":12},"end":{"line":40,"column":13}},"loc":{"start":{"line":40,"column":21},"end":{"line":40,"column":32}},"line":40}},"branchMap":{},"s":{"0":1,"1":1,"2":1,"3":1,"4":1,"5":10,"6":1},"f":{"0":10},"b":{},"_coverageSchema":"332fd63041d2c1bcb487cc26dd0d5f7d97098a6c","hash":"a7f7df96c28715fc57682df4f34a9120973d8fa8"}
,"/home/niouse/Documents/git/my-cv-react/src/my-cv/components/scroll-top/scroll-top.component.js": {"path":"/home/niouse/Documents/git/my-cv-react/src/my-cv/components/scroll-top/scroll-top.component.js","statementMap":{"0":{"start":{"line":5,"column":18},"end":{"line":11,"column":1}},"1":{"start":{"line":13,"column":14},"end":{"line":18,"column":1}},"2":{"start":{"line":23,"column":4},"end":{"line":23,"column":23}},"3":{"start":{"line":24,"column":4},"end":{"line":28,"column":6}},"4":{"start":{"line":33,"column":4},"end":{"line":37,"column":5}}},"fnMap":{"0":{"name":"(anonymous_0)","decl":{"start":{"line":22,"column":14},"end":{"line":22,"column":15}},"loc":{"start":{"line":22,"column":21},"end":{"line":29,"column":3}},"line":22},"1":{"name":"(anonymous_1)","decl":{"start":{"line":31,"column":2},"end":{"line":31,"column":3}},"loc":{"start":{"line":31,"column":11},"end":{"line":38,"column":3}},"line":31}},"branchMap":{},"s":{"0":1,"1":1,"2":0,"3":0,"4":4},"f":{"0":0,"1":4},"b":{},"_coverageSchema":"332fd63041d2c1bcb487cc26dd0d5f7d97098a6c","hash":"b6866e5d6b443ba07cc0f7c16a9d3c57f087d27f"}
,"/home/niouse/Documents/git/my-cv-react/src/my-cv/templates/banner.template.js": {"path":"/home/niouse/Documents/git/my-cv-react/src/my-cv/templates/banner.template.js","statementMap":{"0":{"start":{"line":18,"column":14},"end":{"line":23,"column":1}},"1":{"start":{"line":19,"column":25},"end":{"line":19,"column":43}},"2":{"start":{"line":25,"column":18},"end":{"line":30,"column":1}},"3":{"start":{"line":32,"column":16},"end":{"line":34,"column":1}},"4":{"start":{"line":36,"column":17},"end":{"line":39,"column":1}},"5":{"start":{"line":41,"column":14},"end":{"line":47,"column":1}},"6":{"start":{"line":43,"column":16},"end":{"line":43,"column":27}},"7":{"start":{"line":49,"column":13},"end":{"line":52,"column":1}},"8":{"start":{"line":54,"column":14},"end":{"line":56,"column":1}},"9":{"start":{"line":58,"column":15},"end":{"line":77,"column":1}},"10":{"start":{"line":59,"column":2},"end":{"line":76,"column":4}},"11":{"start":{"line":79,"column":0},"end":{"line":91,"column":2}}},"fnMap":{"0":{"name":"(anonymous_0)","decl":{"start":{"line":19,"column":16},"end":{"line":19,"column":17}},"loc":{"start":{"line":19,"column":25},"end":{"line":19,"column":43}},"line":19},"1":{"name":"(anonymous_1)","decl":{"start":{"line":43,"column":7},"end":{"line":43,"column":8}},"loc":{"start":{"line":43,"column":16},"end":{"line":43,"column":27}},"line":43},"2":{"name":"(anonymous_2)","decl":{"start":{"line":58,"column":15},"end":{"line":58,"column":16}},"loc":{"start":{"line":58,"column":55},"end":{"line":77,"column":1}},"line":58}},"branchMap":{},"s":{"0":1,"1":1,"2":1,"3":1,"4":1,"5":1,"6":1,"7":1,"8":1,"9":1,"10":1,"11":1},"f":{"0":1,"1":1,"2":1},"b":{},"_coverageSchema":"332fd63041d2c1bcb487cc26dd0d5f7d97098a6c","hash":"848db9ba5407840a80312de0e56fa2478f5f8c44"}
,"/home/niouse/Documents/git/my-cv-react/src/my-cv/templates/contact.template.js": {"path":"/home/niouse/Documents/git/my-cv-react/src/my-cv/templates/contact.template.js","statementMap":{"0":{"start":{"line":16,"column":18},"end":{"line":18,"column":1}},"1":{"start":{"line":20,"column":16},"end":{"line":28,"column":1}},"2":{"start":{"line":30,"column":17},"end":{"line":33,"column":1}},"3":{"start":{"line":35,"column":13},"end":{"line":37,"column":1}},"4":{"start":{"line":39,"column":16},"end":{"line":42,"column":1}},"5":{"start":{"line":44,"column":16},"end":{"line":71,"column":1}},"6":{"start":{"line":48,"column":2},"end":{"line":70,"column":3}},"7":{"start":{"line":73,"column":0},"end":{"line":79,"column":1}}},"fnMap":{"0":{"name":"(anonymous_0)","decl":{"start":{"line":44,"column":16},"end":{"line":44,"column":17}},"loc":{"start":{"line":47,"column":6},"end":{"line":71,"column":1}},"line":47}},"branchMap":{},"s":{"0":1,"1":1,"2":1,"3":1,"4":1,"5":1,"6":1,"7":1},"f":{"0":1},"b":{},"_coverageSchema":"332fd63041d2c1bcb487cc26dd0d5f7d97098a6c","hash":"c17409958b6ebfb1b235eb7140a3ade8b9228c80"}
,"/home/niouse/Documents/git/my-cv-react/src/my-cv/templates/experience-detail.template.js": {"path":"/home/niouse/Documents/git/my-cv-react/src/my-cv/templates/experience-detail.template.js","statementMap":{"0":{"start":{"line":17,"column":12},"end":{"line":21,"column":1}},"1":{"start":{"line":18,"column":20},"end":{"line":18,"column":51}},"2":{"start":{"line":23,"column":21},"end":{"line":26,"column":1}},"3":{"start":{"line":27,"column":18},"end":{"line":29,"column":1}},"4":{"start":{"line":32,"column":2},"end":{"line":32,"column":45}},"5":{"start":{"line":35,"column":25},"end":{"line":98,"column":1}},"6":{"start":{"line":41,"column":2},"end":{"line":97,"column":3}},"7":{"start":{"line":68,"column":14},"end":{"line":70,"column":19}},"8":{"start":{"line":78,"column":14},"end":{"line":78,"column":56}},"9":{"start":{"line":100,"column":0},"end":{"line":111,"column":1}}},"fnMap":{"0":{"name":"(anonymous_0)","decl":{"start":{"line":18,"column":10},"end":{"line":18,"column":11}},"loc":{"start":{"line":18,"column":20},"end":{"line":18,"column":51}},"line":18},"1":{"name":"Transition","decl":{"start":{"line":31,"column":9},"end":{"line":31,"column":19}},"loc":{"start":{"line":31,"column":27},"end":{"line":33,"column":1}},"line":31},"2":{"name":"(anonymous_2)","decl":{"start":{"line":35,"column":25},"end":{"line":35,"column":26}},"loc":{"start":{"line":40,"column":6},"end":{"line":98,"column":1}},"line":40},"3":{"name":"(anonymous_3)","decl":{"start":{"line":67,"column":35},"end":{"line":67,"column":36}},"loc":{"start":{"line":68,"column":14},"end":{"line":70,"column":19}},"line":68},"4":{"name":"(anonymous_4)","decl":{"start":{"line":77,"column":30},"end":{"line":77,"column":31}},"loc":{"start":{"line":78,"column":14},"end":{"line":78,"column":56}},"line":78}},"branchMap":{"0":{"loc":{"start":{"line":39,"column":2},"end":{"line":39,"column":15}},"type":"default-arg","locations":[{"start":{"line":39,"column":8},"end":{"line":39,"column":15}}],"line":39},"1":{"loc":{"start":{"line":83,"column":11},"end":{"line":83,"column":62}},"type":"binary-expr","locations":[{"start":{"line":83,"column":11},"end":{"line":83,"column":22}},{"start":{"line":83,"column":26},"end":{"line":83,"column":62}}],"line":83},"2":{"loc":{"start":{"line":84,"column":11},"end":{"line":93,"column":11}},"type":"binary-expr","locations":[{"start":{"line":84,"column":11},"end":{"line":84,"column":22}},{"start":{"line":85,"column":12},"end":{"line":92,"column":18}}],"line":84}},"s":{"0":1,"1":0,"2":1,"3":1,"4":0,"5":1,"6":1,"7":3,"8":2,"9":1},"f":{"0":0,"1":0,"2":1,"3":3,"4":2},"b":{"0":[1],"1":[1,0],"2":[1,0]},"_coverageSchema":"332fd63041d2c1bcb487cc26dd0d5f7d97098a6c","hash":"7731fa0f7bb1b2e87d3d2326e265db1802a2fffa"}
,"/home/niouse/Documents/git/my-cv-react/src/my-cv/templates/experiences.template.js": {"path":"/home/niouse/Documents/git/my-cv-react/src/my-cv/templates/experiences.template.js","statementMap":{"0":{"start":{"line":11,"column":21},"end":{"line":22,"column":1}},"1":{"start":{"line":20,"column":34},"end":{"line":20,"column":50}},"2":{"start":{"line":24,"column":20},"end":{"line":56,"column":1}},"3":{"start":{"line":30,"column":6},"end":{"line":30,"column":11}},"4":{"start":{"line":31,"column":2},"end":{"line":55,"column":3}},"5":{"start":{"line":36,"column":10},"end":{"line":46,"column":11}},"6":{"start":{"line":39,"column":29},"end":{"line":39,"column":47}},"7":{"start":{"line":58,"column":0},"end":{"line":69,"column":1}}},"fnMap":{"0":{"name":"(anonymous_0)","decl":{"start":{"line":20,"column":25},"end":{"line":20,"column":26}},"loc":{"start":{"line":20,"column":34},"end":{"line":20,"column":50}},"line":20},"1":{"name":"(anonymous_1)","decl":{"start":{"line":24,"column":20},"end":{"line":24,"column":21}},"loc":{"start":{"line":24,"column":31},"end":{"line":56,"column":1}},"line":24},"2":{"name":"(anonymous_2)","decl":{"start":{"line":35,"column":24},"end":{"line":35,"column":25}},"loc":{"start":{"line":35,"column":41},"end":{"line":47,"column":9}},"line":35},"3":{"name":"(anonymous_3)","decl":{"start":{"line":39,"column":23},"end":{"line":39,"column":24}},"loc":{"start":{"line":39,"column":29},"end":{"line":39,"column":47}},"line":39}},"branchMap":{"0":{"loc":{"start":{"line":29,"column":4},"end":{"line":29,"column":24}},"type":"default-arg","locations":[{"start":{"line":29,"column":17},"end":{"line":29,"column":24}}],"line":29},"1":{"loc":{"start":{"line":44,"column":15},"end":{"line":44,"column":57}},"type":"binary-expr","locations":[{"start":{"line":44,"column":15},"end":{"line":44,"column":27}},{"start":{"line":44,"column":31},"end":{"line":44,"column":57}}],"line":44}},"s":{"0":1,"1":3,"2":1,"3":1,"4":1,"5":3,"6":0,"7":1},"f":{"0":3,"1":1,"2":3,"3":0},"b":{"0":[1],"1":[3,2]},"_coverageSchema":"332fd63041d2c1bcb487cc26dd0d5f7d97098a6c","hash":"4f10d188ac86bf95118b968e4283a2b7f1f31ae5"}
,"/home/niouse/Documents/git/my-cv-react/src/my-cv/templates/formations.template.js": {"path":"/home/niouse/Documents/git/my-cv-react/src/my-cv/templates/formations.template.js","statementMap":{"0":{"start":{"line":10,"column":14},"end":{"line":12,"column":1}},"1":{"start":{"line":14,"column":19},"end":{"line":34,"column":1}},"2":{"start":{"line":15,"column":2},"end":{"line":33,"column":3}},"3":{"start":{"line":21,"column":12},"end":{"line":27,"column":13}},"4":{"start":{"line":36,"column":0},"end":{"line":46,"column":1}}},"fnMap":{"0":{"name":"(anonymous_0)","decl":{"start":{"line":14,"column":19},"end":{"line":14,"column":20}},"loc":{"start":{"line":14,"column":46},"end":{"line":34,"column":1}},"line":14},"1":{"name":"(anonymous_1)","decl":{"start":{"line":20,"column":25},"end":{"line":20,"column":26}},"loc":{"start":{"line":20,"column":42},"end":{"line":28,"column":11}},"line":20}},"branchMap":{},"s":{"0":1,"1":1,"2":1,"3":4,"4":1},"f":{"0":1,"1":4},"b":{},"_coverageSchema":"332fd63041d2c1bcb487cc26dd0d5f7d97098a6c","hash":"eb493bf47debc8cd68f1acfeace503ca5e3afdf1"}
,"/home/niouse/Documents/git/my-cv-react/src/my-cv/templates/skills.template.js": {"path":"/home/niouse/Documents/git/my-cv-react/src/my-cv/templates/skills.template.js","statementMap":{"0":{"start":{"line":14,"column":18},"end":{"line":19,"column":1}},"1":{"start":{"line":21,"column":17},"end":{"line":27,"column":1}},"2":{"start":{"line":29,"column":18},"end":{"line":38,"column":1}},"3":{"start":{"line":40,"column":24},"end":{"line":49,"column":1}},"4":{"start":{"line":41,"column":2},"end":{"line":48,"column":13}},"5":{"start":{"line":45,"column":8},"end":{"line":45,"column":75}},"6":{"start":{"line":51,"column":15},"end":{"line":68,"column":1}},"7":{"start":{"line":52,"column":25},"end":{"line":52,"column":45}},"8":{"start":{"line":53,"column":2},"end":{"line":67,"column":4}},"9":{"start":{"line":57,"column":8},"end":{"line":63,"column":10}},"10":{"start":{"line":70,"column":0},"end":{"line":73,"column":2}},"11":{"start":{"line":75,"column":0},"end":{"line":86,"column":2}}},"fnMap":{"0":{"name":"(anonymous_0)","decl":{"start":{"line":40,"column":24},"end":{"line":40,"column":25}},"loc":{"start":{"line":41,"column":2},"end":{"line":48,"column":13}},"line":41},"1":{"name":"(anonymous_1)","decl":{"start":{"line":44,"column":18},"end":{"line":44,"column":19}},"loc":{"start":{"line":45,"column":8},"end":{"line":45,"column":75}},"line":45},"2":{"name":"(anonymous_2)","decl":{"start":{"line":51,"column":15},"end":{"line":51,"column":16}},"loc":{"start":{"line":51,"column":38},"end":{"line":68,"column":1}},"line":51},"3":{"name":"(anonymous_3)","decl":{"start":{"line":56,"column":26},"end":{"line":56,"column":27}},"loc":{"start":{"line":56,"column":43},"end":{"line":64,"column":7}},"line":56}},"branchMap":{},"s":{"0":1,"1":1,"2":1,"3":1,"4":5,"5":16,"6":1,"7":1,"8":1,"9":5,"10":1,"11":1},"f":{"0":5,"1":16,"2":1,"3":5},"b":{},"_coverageSchema":"332fd63041d2c1bcb487cc26dd0d5f7d97098a6c","hash":"e3658b2550c3086c058d8d75c230bca93aeb3f7a"}
,"/home/niouse/Documents/git/my-cv-react/src/my-cv/themes/default.theme.js": {"path":"/home/niouse/Documents/git/my-cv-react/src/my-cv/themes/default.theme.js","statementMap":{"0":{"start":{"line":1,"column":13},"end":{"line":1,"column":75}},"1":{"start":{"line":1,"column":89},"end":{"line":1,"column":124}},"2":{"start":{"line":2,"column":14},"end":{"line":2,"column":56}},"3":{"start":{"line":2,"column":72},"end":{"line":2,"column":103}},"4":{"start":{"line":3,"column":12},"end":{"line":3,"column":52}},"5":{"start":{"line":3,"column":66},"end":{"line":3,"column":95}},"6":{"start":{"line":4,"column":11},"end":{"line":4,"column":50}},"7":{"start":{"line":4,"column":63},"end":{"line":4,"column":91}},"8":{"start":{"line":4,"column":130},"end":{"line":4,"column":184}},"9":{"start":{"line":8,"column":14},"end":{"line":19,"column":25}},"10":{"start":{"line":19,"column":26},"end":{"line":23,"column":6}}},"fnMap":{"0":{"name":"_interopRequireDefault","decl":{"start":{"line":4,"column":101},"end":{"line":4,"column":123}},"loc":{"start":{"line":4,"column":129},"end":{"line":4,"column":185}},"line":4}},"branchMap":{"0":{"loc":{"start":{"line":4,"column":137},"end":{"line":4,"column":183}},"type":"cond-expr","locations":[{"start":{"line":4,"column":161},"end":{"line":4,"column":164}},{"start":{"line":4,"column":167},"end":{"line":4,"column":183}}],"line":4},"1":{"loc":{"start":{"line":4,"column":137},"end":{"line":4,"column":158}},"type":"binary-expr","locations":[{"start":{"line":4,"column":137},"end":{"line":4,"column":140}},{"start":{"line":4,"column":144},"end":{"line":4,"column":158}}],"line":4}},"s":{"0":0,"1":0,"2":0,"3":0,"4":0,"5":0,"6":0,"7":0,"8":0,"9":0,"10":0},"f":{"0":0},"b":{"0":[0,0],"1":[0,0]}}
,"/home/niouse/Documents/git/my-cv-react/src/my-cv/themes/index.js": {"path":"/home/niouse/Documents/git/my-cv-react/src/my-cv/themes/index.js","statementMap":{"0":{"start":{"line":1,"column":13},"end":{"line":1,"column":75}},"1":{"start":{"line":1,"column":95},"end":{"line":1,"column":124}},"2":{"start":{"line":1,"column":146},"end":{"line":1,"column":183}},"3":{"start":{"line":1,"column":222},"end":{"line":1,"column":276}},"4":{"start":{"line":3,"column":15},"end":{"line":4,"column":40}},"5":{"start":{"line":4,"column":41},"end":{"line":7,"column":7}}},"fnMap":{"0":{"name":"_interopRequireDefault","decl":{"start":{"line":1,"column":193},"end":{"line":1,"column":215}},"loc":{"start":{"line":1,"column":221},"end":{"line":1,"column":277}},"line":1}},"branchMap":{"0":{"loc":{"start":{"line":1,"column":229},"end":{"line":1,"column":275}},"type":"cond-expr","locations":[{"start":{"line":1,"column":253},"end":{"line":1,"column":256}},{"start":{"line":1,"column":259},"end":{"line":1,"column":275}}],"line":1},"1":{"loc":{"start":{"line":1,"column":229},"end":{"line":1,"column":250}},"type":"binary-expr","locations":[{"start":{"line":1,"column":229},"end":{"line":1,"column":232}},{"start":{"line":1,"column":236},"end":{"line":1,"column":250}}],"line":1}},"s":{"0":0,"1":0,"2":0,"3":0,"4":0,"5":0},"f":{"0":0},"b":{"0":[0,0],"1":[0,0]}}
}
