TN:
SF:/home/niouse/Documents/git/my-cv-react/src/index.js
FN:3,_interopRequireDefault
FNF:1
FNH:0
FNDA:0,_interopRequireDefault
DA:1,0
DA:2,0
DA:3,0
DA:5,0
LF:4
LH:0
BRDA:3,0,0,0
BRDA:3,0,1,0
BRDA:3,1,0,0
BRDA:3,1,1,0
BRF:4
BRH:0
end_of_record
TN:
SF:/home/niouse/Documents/git/my-cv-react/src/setupTests.js
FNF:0
FNH:0
DA:4,1
LF:1
LH:1
BRF:0
BRH:0
end_of_record
TN:
SF:/home/niouse/Documents/git/my-cv-react/src/my-cv/my-cv.component.js
FN:41,(anonymous_0)
FN:49,(anonymous_1)
FN:51,(anonymous_2)
FN:58,(anonymous_3)
FN:64,(anonymous_4)
FN:68,(anonymous_5)
FNF:6
FNH:3
FNDA:1,(anonymous_0)
FNDA:1,(anonymous_1)
FNDA:0,(anonymous_2)
FNDA:0,(anonymous_3)
FNDA:0,(anonymous_4)
FNDA:1,(anonymous_5)
DA:22,1
DA:28,1
DA:33,1
DA:42,1
DA:43,1
DA:52,0
DA:59,0
DA:65,0
DA:69,1
DA:70,1
DA:119,1
DA:128,1
DA:129,1
LF:13
LH:10
BRF:0
BRH:0
end_of_record
TN:
SF:/home/niouse/Documents/git/my-cv-react/src/my-cv/api/compute-options.js
FN:1,(anonymous_0)
FNF:1
FNH:1
FNDA:1,(anonymous_0)
DA:1,1
DA:2,1
DA:3,1
DA:4,1
DA:5,1
DA:6,1
DA:7,1
DA:8,1
DA:10,1
DA:11,0
DA:14,1
DA:20,1
LF:12
LH:11
BRDA:6,0,0,1
BRDA:6,0,1,0
BRDA:6,0,2,0
BRDA:7,1,0,1
BRDA:7,1,1,0
BRDA:7,1,2,0
BRDA:10,2,0,0
BRDA:10,2,1,1
BRDA:10,3,0,1
BRDA:10,3,1,1
BRDA:15,4,0,1
BRDA:15,4,1,0
BRDA:15,5,0,1
BRDA:15,5,1,0
BRF:14
BRH:7
end_of_record
TN:
SF:/home/niouse/Documents/git/my-cv-react/src/my-cv/api/format-skills.js
FN:1,(anonymous_0)
FN:3,(anonymous_1)
FN:6,(anonymous_2)
FN:9,(anonymous_3)
FN:10,(anonymous_4)
FNF:5
FNH:5
FNDA:1,(anonymous_0)
FNDA:16,(anonymous_1)
FNDA:5,(anonymous_2)
FNDA:80,(anonymous_3)
FNDA:16,(anonymous_4)
DA:1,1
DA:2,1
DA:3,1
DA:4,16
DA:6,1
DA:7,5
DA:8,5
DA:9,80
DA:10,16
DA:11,5
DA:16,1
LF:11
LH:11
BRDA:4,0,0,5
BRDA:4,0,1,11
BRF:2
BRH:2
end_of_record
TN:
SF:/home/niouse/Documents/git/my-cv-react/src/my-cv/api/scroll-to.js
FN:1,(anonymous_0)
FNF:1
FNH:0
FNDA:0,(anonymous_0)
DA:1,1
DA:2,0
LF:2
LH:1
BRF:0
BRH:0
end_of_record
TN:
SF:/home/niouse/Documents/git/my-cv-react/src/my-cv/api/theme-utils.js
FN:2,(anonymous_0)
FN:2,(anonymous_1)
FN:9,(anonymous_2)
FN:9,(anonymous_3)
FN:15,(anonymous_4)
FN:15,(anonymous_5)
FNF:6
FNH:6
FNDA:13,(anonymous_0)
FNDA:21,(anonymous_1)
FNDA:1,(anonymous_2)
FNDA:3,(anonymous_3)
FNDA:12,(anonymous_4)
FNDA:61,(anonymous_5)
DA:2,13
DA:3,21
DA:9,1
DA:10,3
DA:15,61
LF:5
LH:5
BRDA:3,0,0,0
BRDA:3,0,1,21
BRDA:10,1,0,2
BRDA:10,1,1,1
BRF:4
BRH:3
end_of_record
TN:
SF:/home/niouse/Documents/git/my-cv-react/src/my-cv/api/theme.js
FNF:0
FNH:0
DA:2,1
LF:1
LH:1
BRF:0
BRH:0
end_of_record
TN:
SF:/home/niouse/Documents/git/my-cv-react/src/my-cv/api/with-data.js
FN:25,(anonymous_0)
FN:25,(anonymous_1)
FN:27,(anonymous_2)
FN:36,(anonymous_3)
FN:44,(anonymous_4)
FNF:5
FNH:4
FNDA:1,(anonymous_0)
FNDA:1,(anonymous_1)
FNDA:1,(anonymous_2)
FNDA:0,(anonymous_3)
FNDA:1,(anonymous_4)
DA:11,1
DA:15,1
DA:20,1
DA:25,1
DA:28,1
DA:29,1
DA:37,0
DA:45,1
DA:53,1
LF:9
LH:8
BRF:0
BRH:0
end_of_record
TN:
SF:/home/niouse/Documents/git/my-cv-react/src/my-cv/api/with-theme.js
FN:7,(anonymous_0)
FN:7,(anonymous_1)
FN:9,(anonymous_2)
FN:16,(anonymous_3)
FN:20,(anonymous_4)
FN:26,(anonymous_5)
FNF:6
FNH:5
FNDA:1,(anonymous_0)
FNDA:1,(anonymous_1)
FNDA:1,(anonymous_2)
FNDA:1,(anonymous_3)
FNDA:0,(anonymous_4)
FNDA:1,(anonymous_5)
DA:7,1
DA:10,1
DA:11,1
DA:17,1
DA:21,0
DA:27,1
DA:36,1
LF:7
LH:6
BRF:0
BRH:0
end_of_record
TN:
SF:/home/niouse/Documents/git/my-cv-react/src/my-cv/components/contact-form.component.js
FN:42,(anonymous_0)
FN:52,(anonymous_1)
FN:56,(anonymous_2)
FN:63,(anonymous_3)
FN:71,(anonymous_4)
FN:76,(anonymous_5)
FN:81,(anonymous_6)
FNF:7
FNH:2
FNDA:1,(anonymous_0)
FNDA:0,(anonymous_1)
FNDA:0,(anonymous_2)
FNDA:1,(anonymous_3)
FNDA:0,(anonymous_4)
FNDA:0,(anonymous_5)
FNDA:0,(anonymous_6)
DA:8,1
DA:14,1
DA:25,1
DA:27,1
DA:43,1
DA:44,1
DA:53,0
DA:57,0
DA:58,0
DA:60,0
DA:64,1
DA:65,1
DA:71,0
DA:76,0
DA:81,0
DA:91,1
DA:101,1
LF:17
LH:10
BRDA:57,0,0,0
BRDA:57,0,1,0
BRDA:57,1,0,0
BRDA:57,1,1,0
BRF:4
BRH:0
end_of_record
TN:
SF:/home/niouse/Documents/git/my-cv-react/src/my-cv/components/line-title.component.js
FN:32,(anonymous_0)
FNF:1
FNH:1
FNDA:4,(anonymous_0)
DA:7,1
DA:15,1
DA:22,1
DA:32,1
DA:33,4
DA:44,1
LF:6
LH:6
BRF:0
BRH:0
end_of_record
TN:
SF:/home/niouse/Documents/git/my-cv-react/src/my-cv/components/navigation.component.js
FN:20,(anonymous_0)
FN:42,(anonymous_1)
FN:67,(anonymous_2)
FN:70,(anonymous_3)
FN:77,(anonymous_4)
FN:84,(anonymous_5)
FN:87,(anonymous_6)
FN:109,(anonymous_7)
FN:125,(anonymous_8)
FNF:9
FNH:6
FNDA:1,(anonymous_0)
FNDA:10,(anonymous_1)
FNDA:1,(anonymous_2)
FNDA:0,(anonymous_3)
FNDA:0,(anonymous_4)
FNDA:0,(anonymous_5)
FNDA:1,(anonymous_6)
FNDA:5,(anonymous_7)
FNDA:5,(anonymous_8)
DA:13,1
DA:16,1
DA:20,1
DA:23,1
DA:33,1
DA:40,1
DA:42,10
DA:48,1
DA:50,1
DA:56,1
DA:71,0
DA:72,0
DA:73,0
DA:74,0
DA:78,0
DA:79,0
DA:80,0
DA:81,0
DA:84,0
DA:92,1
DA:93,1
DA:110,5
DA:126,5
DA:145,1
DA:151,1
LF:25
LH:16
BRF:0
BRH:0
end_of_record
TN:
SF:/home/niouse/Documents/git/my-cv-react/src/my-cv/components/skill-rate.component.js
FN:26,(anonymous_0)
FN:29,(anonymous_1)
FN:37,(anonymous_2)
FN:38,(anonymous_3)
FNF:4
FNH:4
FNDA:80,(anonymous_0)
FNDA:16,(anonymous_1)
FNDA:80,(anonymous_2)
FNDA:80,(anonymous_3)
DA:9,1
DA:16,1
DA:21,1
DA:26,80
DA:29,1
DA:30,16
DA:31,16
DA:37,80
DA:38,80
DA:45,1
LF:10
LH:10
BRDA:26,0,0,20
BRDA:26,0,1,60
BRF:2
BRH:2
end_of_record
TN:
SF:/home/niouse/Documents/git/my-cv-react/src/my-cv/components/styled-components.js
FN:40,(anonymous_0)
FNF:1
FNH:1
FNDA:10,(anonymous_0)
DA:6,1
DA:18,1
DA:24,1
DA:31,1
DA:38,1
DA:40,10
DA:46,1
LF:7
LH:7
BRF:0
BRH:0
end_of_record
TN:
SF:/home/niouse/Documents/git/my-cv-react/src/my-cv/components/scroll-top/scroll-top.component.js
FN:22,(anonymous_0)
FN:31,(anonymous_1)
FNF:2
FNH:1
FNDA:0,(anonymous_0)
FNDA:4,(anonymous_1)
DA:5,1
DA:13,1
DA:23,0
DA:24,0
DA:33,4
LF:5
LH:3
BRF:0
BRH:0
end_of_record
TN:
SF:/home/niouse/Documents/git/my-cv-react/src/my-cv/templates/banner.template.js
FN:19,(anonymous_0)
FN:43,(anonymous_1)
FN:58,(anonymous_2)
FNF:3
FNH:3
FNDA:1,(anonymous_0)
FNDA:1,(anonymous_1)
FNDA:1,(anonymous_2)
DA:18,1
DA:19,1
DA:25,1
DA:32,1
DA:36,1
DA:41,1
DA:43,1
DA:49,1
DA:54,1
DA:58,1
DA:59,1
DA:79,1
LF:12
LH:12
BRF:0
BRH:0
end_of_record
TN:
SF:/home/niouse/Documents/git/my-cv-react/src/my-cv/templates/contact.template.js
FN:44,(anonymous_0)
FNF:1
FNH:1
FNDA:1,(anonymous_0)
DA:16,1
DA:20,1
DA:30,1
DA:35,1
DA:39,1
DA:44,1
DA:48,1
DA:73,1
LF:8
LH:8
BRF:0
BRH:0
end_of_record
TN:
SF:/home/niouse/Documents/git/my-cv-react/src/my-cv/templates/experience-detail.template.js
FN:18,(anonymous_0)
FN:31,Transition
FN:35,(anonymous_2)
FN:67,(anonymous_3)
FN:77,(anonymous_4)
FNF:5
FNH:3
FNDA:0,(anonymous_0)
FNDA:0,Transition
FNDA:1,(anonymous_2)
FNDA:3,(anonymous_3)
FNDA:2,(anonymous_4)
DA:17,1
DA:18,0
DA:23,1
DA:27,1
DA:32,0
DA:35,1
DA:41,1
DA:68,3
DA:78,2
DA:100,1
LF:10
LH:8
BRDA:39,0,0,1
BRDA:83,1,0,1
BRDA:83,1,1,0
BRDA:84,2,0,1
BRDA:84,2,1,0
BRF:5
BRH:3
end_of_record
TN:
SF:/home/niouse/Documents/git/my-cv-react/src/my-cv/templates/experiences.template.js
FN:20,(anonymous_0)
FN:24,(anonymous_1)
FN:35,(anonymous_2)
FN:39,(anonymous_3)
FNF:4
FNH:3
FNDA:3,(anonymous_0)
FNDA:1,(anonymous_1)
FNDA:3,(anonymous_2)
FNDA:0,(anonymous_3)
DA:11,1
DA:20,3
DA:24,1
DA:30,1
DA:31,1
DA:36,3
DA:39,0
DA:58,1
LF:8
LH:7
BRDA:29,0,0,1
BRDA:44,1,0,3
BRDA:44,1,1,2
BRF:3
BRH:3
end_of_record
TN:
SF:/home/niouse/Documents/git/my-cv-react/src/my-cv/templates/formations.template.js
FN:14,(anonymous_0)
FN:20,(anonymous_1)
FNF:2
FNH:2
FNDA:1,(anonymous_0)
FNDA:4,(anonymous_1)
DA:10,1
DA:14,1
DA:15,1
DA:21,4
DA:36,1
LF:5
LH:5
BRF:0
BRH:0
end_of_record
TN:
SF:/home/niouse/Documents/git/my-cv-react/src/my-cv/templates/skills.template.js
FN:40,(anonymous_0)
FN:44,(anonymous_1)
FN:51,(anonymous_2)
FN:56,(anonymous_3)
FNF:4
FNH:4
FNDA:5,(anonymous_0)
FNDA:16,(anonymous_1)
FNDA:1,(anonymous_2)
FNDA:5,(anonymous_3)
DA:14,1
DA:21,1
DA:29,1
DA:40,1
DA:41,5
DA:45,16
DA:51,1
DA:52,1
DA:53,1
DA:57,5
DA:70,1
DA:75,1
LF:12
LH:12
BRF:0
BRH:0
end_of_record
TN:
SF:/home/niouse/Documents/git/my-cv-react/src/my-cv/themes/default.theme.js
FN:4,_interopRequireDefault
FNF:1
FNH:0
FNDA:0,_interopRequireDefault
DA:1,0
DA:2,0
DA:3,0
DA:4,0
DA:8,0
DA:19,0
LF:6
LH:0
BRDA:4,0,0,0
BRDA:4,0,1,0
BRDA:4,1,0,0
BRDA:4,1,1,0
BRF:4
BRH:0
end_of_record
TN:
SF:/home/niouse/Documents/git/my-cv-react/src/my-cv/themes/index.js
FN:1,_interopRequireDefault
FNF:1
FNH:0
FNDA:0,_interopRequireDefault
DA:1,0
DA:3,0
DA:4,0
LF:3
LH:0
BRDA:1,0,0,0
BRDA:1,0,1,0
BRDA:1,1,0,0
BRDA:1,1,1,0
BRF:4
BRH:0
end_of_record
